[09-Oct-2017 01:54:39 UTC] PHP Warning:  Invalid argument supplied for foreach() in /Library/WebServer/Documents/wordpress/wp-content/plugins/staff-directory-pro/gold-framework/staff-directory-plugin.settings.page.class.php on line 930
[09-Oct-2017 01:55:39 UTC] PHP Warning:  Invalid argument supplied for foreach() in /Library/WebServer/Documents/wordpress/wp-content/plugins/staff-directory-pro/gold-framework/staff-directory-plugin.settings.page.class.php on line 930
[09-Oct-2017 01:56:39 UTC] PHP Warning:  Invalid argument supplied for foreach() in /Library/WebServer/Documents/wordpress/wp-content/plugins/staff-directory-pro/gold-framework/staff-directory-plugin.settings.page.class.php on line 930
[09-Oct-2017 01:57:39 UTC] PHP Warning:  Invalid argument supplied for foreach() in /Library/WebServer/Documents/wordpress/wp-content/plugins/staff-directory-pro/gold-framework/staff-directory-plugin.settings.page.class.php on line 930
[09-Oct-2017 01:58:40 UTC] PHP Warning:  Invalid argument supplied for foreach() in /Library/WebServer/Documents/wordpress/wp-content/plugins/staff-directory-pro/gold-framework/staff-directory-plugin.settings.page.class.php on line 930
[09-Oct-2017 02:00:40 UTC] PHP Warning:  Invalid argument supplied for foreach() in /Library/WebServer/Documents/wordpress/wp-content/plugins/staff-directory-pro/gold-framework/staff-directory-plugin.settings.page.class.php on line 930
[09-Oct-2017 02:02:40 UTC] PHP Warning:  Invalid argument supplied for foreach() in /Library/WebServer/Documents/wordpress/wp-content/plugins/staff-directory-pro/gold-framework/staff-directory-plugin.settings.page.class.php on line 930
[09-Oct-2017 02:03:11 UTC] PHP Warning:  Invalid argument supplied for foreach() in /Library/WebServer/Documents/wordpress/wp-content/plugins/staff-directory-pro/gold-framework/staff-directory-plugin.settings.page.class.php on line 930
[09-Oct-2017 02:03:11 UTC] PHP Warning:  Invalid argument supplied for foreach() in /Library/WebServer/Documents/wordpress/wp-content/plugins/staff-directory-pro/gold-framework/staff-directory-plugin.settings.page.class.php on line 930
[09-Oct-2017 02:03:26 UTC] PHP Warning:  Invalid argument supplied for foreach() in /Library/WebServer/Documents/wordpress/wp-content/plugins/staff-directory-pro/gold-framework/staff-directory-plugin.settings.page.class.php on line 930
[09-Oct-2017 02:03:41 UTC] PHP Warning:  Invalid argument supplied for foreach() in /Library/WebServer/Documents/wordpress/wp-content/plugins/staff-directory-pro/gold-framework/staff-directory-plugin.settings.page.class.php on line 930
[09-Oct-2017 02:03:56 UTC] PHP Warning:  Invalid argument supplied for foreach() in /Library/WebServer/Documents/wordpress/wp-content/plugins/staff-directory-pro/gold-framework/staff-directory-plugin.settings.page.class.php on line 930
[09-Oct-2017 02:04:11 UTC] PHP Warning:  Invalid argument supplied for foreach() in /Library/WebServer/Documents/wordpress/wp-content/plugins/staff-directory-pro/gold-framework/staff-directory-plugin.settings.page.class.php on line 930
[09-Oct-2017 02:04:26 UTC] PHP Warning:  Invalid argument supplied for foreach() in /Library/WebServer/Documents/wordpress/wp-content/plugins/staff-directory-pro/gold-framework/staff-directory-plugin.settings.page.class.php on line 930
[09-Oct-2017 02:04:41 UTC] PHP Warning:  Invalid argument supplied for foreach() in /Library/WebServer/Documents/wordpress/wp-content/plugins/staff-directory-pro/gold-framework/staff-directory-plugin.settings.page.class.php on line 930
[09-Oct-2017 02:04:56 UTC] PHP Warning:  Invalid argument supplied for foreach() in /Library/WebServer/Documents/wordpress/wp-content/plugins/staff-directory-pro/gold-framework/staff-directory-plugin.settings.page.class.php on line 930
[09-Oct-2017 02:05:11 UTC] PHP Warning:  Invalid argument supplied for foreach() in /Library/WebServer/Documents/wordpress/wp-content/plugins/staff-directory-pro/gold-framework/staff-directory-plugin.settings.page.class.php on line 930
[09-Oct-2017 02:05:26 UTC] PHP Warning:  Invalid argument supplied for foreach() in /Library/WebServer/Documents/wordpress/wp-content/plugins/staff-directory-pro/gold-framework/staff-directory-plugin.settings.page.class.php on line 930
[09-Oct-2017 02:05:38 UTC] PHP Warning:  Invalid argument supplied for foreach() in /Library/WebServer/Documents/wordpress/wp-content/plugins/staff-directory-pro/gold-framework/staff-directory-plugin.settings.page.class.php on line 930
[09-Oct-2017 02:05:41 UTC] PHP Warning:  Invalid argument supplied for foreach() in /Library/WebServer/Documents/wordpress/wp-content/plugins/staff-directory-pro/gold-framework/staff-directory-plugin.settings.page.class.php on line 930
[09-Oct-2017 02:05:41 UTC] PHP Warning:  Invalid argument supplied for foreach() in /Library/WebServer/Documents/wordpress/wp-content/plugins/staff-directory-pro/gold-framework/staff-directory-plugin.settings.page.class.php on line 930
[09-Oct-2017 02:05:56 UTC] PHP Warning:  Invalid argument supplied for foreach() in /Library/WebServer/Documents/wordpress/wp-content/plugins/staff-directory-pro/gold-framework/staff-directory-plugin.settings.page.class.php on line 930
[09-Oct-2017 02:06:11 UTC] PHP Warning:  Invalid argument supplied for foreach() in /Library/WebServer/Documents/wordpress/wp-content/plugins/staff-directory-pro/gold-framework/staff-directory-plugin.settings.page.class.php on line 930
[09-Oct-2017 02:06:26 UTC] PHP Warning:  Invalid argument supplied for foreach() in /Library/WebServer/Documents/wordpress/wp-content/plugins/staff-directory-pro/gold-framework/staff-directory-plugin.settings.page.class.php on line 930
[09-Oct-2017 02:06:41 UTC] PHP Warning:  Invalid argument supplied for foreach() in /Library/WebServer/Documents/wordpress/wp-content/plugins/staff-directory-pro/gold-framework/staff-directory-plugin.settings.page.class.php on line 930
[09-Oct-2017 02:06:56 UTC] PHP Warning:  Invalid argument supplied for foreach() in /Library/WebServer/Documents/wordpress/wp-content/plugins/staff-directory-pro/gold-framework/staff-directory-plugin.settings.page.class.php on line 930
[09-Oct-2017 02:07:11 UTC] PHP Warning:  Invalid argument supplied for foreach() in /Library/WebServer/Documents/wordpress/wp-content/plugins/staff-directory-pro/gold-framework/staff-directory-plugin.settings.page.class.php on line 930
[09-Oct-2017 02:07:26 UTC] PHP Warning:  Invalid argument supplied for foreach() in /Library/WebServer/Documents/wordpress/wp-content/plugins/staff-directory-pro/gold-framework/staff-directory-plugin.settings.page.class.php on line 930
[09-Oct-2017 02:07:41 UTC] PHP Warning:  Invalid argument supplied for foreach() in /Library/WebServer/Documents/wordpress/wp-content/plugins/staff-directory-pro/gold-framework/staff-directory-plugin.settings.page.class.php on line 930
[09-Oct-2017 02:07:45 UTC] PHP Warning:  Invalid argument supplied for foreach() in /Library/WebServer/Documents/wordpress/wp-content/plugins/staff-directory-pro/gold-framework/staff-directory-plugin.settings.page.class.php on line 930
[09-Oct-2017 02:08:00 UTC] PHP Warning:  Invalid argument supplied for foreach() in /Library/WebServer/Documents/wordpress/wp-content/plugins/staff-directory-pro/gold-framework/staff-directory-plugin.settings.page.class.php on line 930
[09-Oct-2017 02:08:16 UTC] PHP Warning:  Invalid argument supplied for foreach() in /Library/WebServer/Documents/wordpress/wp-content/plugins/staff-directory-pro/gold-framework/staff-directory-plugin.settings.page.class.php on line 930
[09-Oct-2017 02:10:17 UTC] PHP Warning:  Invalid argument supplied for foreach() in /Library/WebServer/Documents/wordpress/wp-content/plugins/staff-directory-pro/gold-framework/staff-directory-plugin.settings.page.class.php on line 930
[09-Oct-2017 02:10:41 UTC] PHP Warning:  Invalid argument supplied for foreach() in /Library/WebServer/Documents/wordpress/wp-content/plugins/staff-directory-pro/gold-framework/staff-directory-plugin.settings.page.class.php on line 930
[09-Oct-2017 02:39:56 UTC] PHP Warning:  Illegal string offset 'administrator' in /Library/WebServer/Documents/wordpress/wp-content/plugins/simple-schools-staff-directory/si_main.php on line 164
[09-Oct-2017 02:39:56 UTC] PHP Warning:  Illegal string offset 'editor' in /Library/WebServer/Documents/wordpress/wp-content/plugins/simple-schools-staff-directory/si_main.php on line 164
[09-Oct-2017 02:39:56 UTC] PHP Warning:  Illegal string offset 'author' in /Library/WebServer/Documents/wordpress/wp-content/plugins/simple-schools-staff-directory/si_main.php on line 164
[09-Oct-2017 02:39:56 UTC] PHP Warning:  Illegal string offset 'contributor' in /Library/WebServer/Documents/wordpress/wp-content/plugins/simple-schools-staff-directory/si_main.php on line 164
[09-Oct-2017 02:39:56 UTC] PHP Warning:  Illegal string offset 'subscriber' in /Library/WebServer/Documents/wordpress/wp-content/plugins/simple-schools-staff-directory/si_main.php on line 164
[09-Oct-2017 17:10:16 UTC] PHP Warning:  Illegal string offset 'administrator' in /Library/WebServer/Documents/wordpress/wp-content/plugins/simple-schools-staff-directory/si_main.php on line 164
[09-Oct-2017 17:10:16 UTC] PHP Warning:  Illegal string offset 'editor' in /Library/WebServer/Documents/wordpress/wp-content/plugins/simple-schools-staff-directory/si_main.php on line 164
[09-Oct-2017 17:10:16 UTC] PHP Warning:  Illegal string offset 'author' in /Library/WebServer/Documents/wordpress/wp-content/plugins/simple-schools-staff-directory/si_main.php on line 164
[09-Oct-2017 17:10:16 UTC] PHP Warning:  Illegal string offset 'contributor' in /Library/WebServer/Documents/wordpress/wp-content/plugins/simple-schools-staff-directory/si_main.php on line 164
[09-Oct-2017 17:10:16 UTC] PHP Warning:  Illegal string offset 'subscriber' in /Library/WebServer/Documents/wordpress/wp-content/plugins/simple-schools-staff-directory/si_main.php on line 164
[09-Oct-2017 17:10:40 UTC] PHP Warning:  Illegal string offset 'administrator' in /Library/WebServer/Documents/wordpress/wp-content/plugins/simple-schools-staff-directory/si_main.php on line 164
[09-Oct-2017 17:10:40 UTC] PHP Warning:  Illegal string offset 'editor' in /Library/WebServer/Documents/wordpress/wp-content/plugins/simple-schools-staff-directory/si_main.php on line 164
[09-Oct-2017 17:10:40 UTC] PHP Warning:  Illegal string offset 'author' in /Library/WebServer/Documents/wordpress/wp-content/plugins/simple-schools-staff-directory/si_main.php on line 164
[09-Oct-2017 17:10:40 UTC] PHP Warning:  Illegal string offset 'contributor' in /Library/WebServer/Documents/wordpress/wp-content/plugins/simple-schools-staff-directory/si_main.php on line 164
[09-Oct-2017 17:10:40 UTC] PHP Warning:  Illegal string offset 'subscriber' in /Library/WebServer/Documents/wordpress/wp-content/plugins/simple-schools-staff-directory/si_main.php on line 164
[09-Oct-2017 21:18:17 UTC] PHP Warning:  Illegal string offset 'administrator' in /Library/WebServer/Documents/wordpress/wp-content/plugins/simple-schools-staff-directory/si_main.php on line 164
[09-Oct-2017 21:18:17 UTC] PHP Warning:  Illegal string offset 'editor' in /Library/WebServer/Documents/wordpress/wp-content/plugins/simple-schools-staff-directory/si_main.php on line 164
[09-Oct-2017 21:18:17 UTC] PHP Warning:  Illegal string offset 'author' in /Library/WebServer/Documents/wordpress/wp-content/plugins/simple-schools-staff-directory/si_main.php on line 164
[09-Oct-2017 21:18:17 UTC] PHP Warning:  Illegal string offset 'contributor' in /Library/WebServer/Documents/wordpress/wp-content/plugins/simple-schools-staff-directory/si_main.php on line 164
[09-Oct-2017 21:18:17 UTC] PHP Warning:  Illegal string offset 'subscriber' in /Library/WebServer/Documents/wordpress/wp-content/plugins/simple-schools-staff-directory/si_main.php on line 164
[09-Oct-2017 21:19:09 UTC] PHP Warning:  Illegal string offset 'administrator' in /Library/WebServer/Documents/wordpress/wp-content/plugins/simple-schools-staff-directory/si_main.php on line 164
[09-Oct-2017 21:19:09 UTC] PHP Warning:  Illegal string offset 'editor' in /Library/WebServer/Documents/wordpress/wp-content/plugins/simple-schools-staff-directory/si_main.php on line 164
[09-Oct-2017 21:19:09 UTC] PHP Warning:  Illegal string offset 'author' in /Library/WebServer/Documents/wordpress/wp-content/plugins/simple-schools-staff-directory/si_main.php on line 164
[09-Oct-2017 21:19:09 UTC] PHP Warning:  Illegal string offset 'contributor' in /Library/WebServer/Documents/wordpress/wp-content/plugins/simple-schools-staff-directory/si_main.php on line 164
[09-Oct-2017 21:19:09 UTC] PHP Warning:  Illegal string offset 'subscriber' in /Library/WebServer/Documents/wordpress/wp-content/plugins/simple-schools-staff-directory/si_main.php on line 164
[09-Oct-2017 21:26:44 UTC] PHP Warning:  Illegal string offset 'administrator' in /Library/WebServer/Documents/wordpress/wp-content/plugins/simple-schools-staff-directory/si_main.php on line 164
[09-Oct-2017 21:26:44 UTC] PHP Warning:  Illegal string offset 'editor' in /Library/WebServer/Documents/wordpress/wp-content/plugins/simple-schools-staff-directory/si_main.php on line 164
[09-Oct-2017 21:26:44 UTC] PHP Warning:  Illegal string offset 'author' in /Library/WebServer/Documents/wordpress/wp-content/plugins/simple-schools-staff-directory/si_main.php on line 164
[09-Oct-2017 21:26:44 UTC] PHP Warning:  Illegal string offset 'contributor' in /Library/WebServer/Documents/wordpress/wp-content/plugins/simple-schools-staff-directory/si_main.php on line 164
[09-Oct-2017 21:26:44 UTC] PHP Warning:  Illegal string offset 'subscriber' in /Library/WebServer/Documents/wordpress/wp-content/plugins/simple-schools-staff-directory/si_main.php on line 164
